<?xml version="1.0" encoding="UTF-8"?>
<testsuite xmlns:xsi="http://www.w3.org/2001/XMLSchema-instance" xsi:noNamespaceSchemaLocation="https://maven.apache.org/surefire/maven-surefire-plugin/xsd/surefire-test-report-3.0.xsd" version="3.0" name="com.phunguyen.mathutil.core.MathUtilityTest" time="0.056" tests="3" errors="0" skipped="0" failures="0">
  <properties>
[...]
</properties>
  <testcase name="verifyFactorialGivenRightArgument5ReturnsOk" classname="com.phunguyen.mathutil.core.MathUtilityTest" time="0.028"/>
  <testcase name="verifyFactorialGivenRightArgument1ReturnsOk" classname="com.phunguyen.mathutil.core.MathUtilityTest" time="0.001"/>
  <testcase name="verifyFactorialGivenRightArgument0ReturnsOk" classname="com.phunguyen.mathutil.core.MathUtilityTest" time="0.001"/>
</testsuite>